The system is: Linux - 3.10.0-514.el7.x86_64 - x86_64
Compiling the C compiler identification source file "CMakeCCompilerId.c" succeeded.
Compiler: /opt/rh/devtoolset-4/root/usr/bin/cc 
Build flags: 
Id flags:  

The output was:
0


Compilation of the C compiler identification source "CMakeCCompilerId.c" produced "a.out"

The C compiler identification is GNU, found in "/home/chun/logger/build/linux/CMakeFiles/3.13.5/CompilerIdC/a.out"

Compiling the CXX compiler identification source file "CMakeCXXCompilerId.cpp" succeeded.
Compiler: /opt/rh/devtoolset-4/root/usr/bin/c++ 
Build flags: 
Id flags:  

The output was:
0


Compilation of the CXX compiler identification source "CMakeCXXCompilerId.cpp" produced "a.out"

The CXX compiler identification is GNU, found in "/home/chun/logger/build/linux/CMakeFiles/3.13.5/CompilerIdCXX/a.out"

Determining if the C compiler works passed with the following output:
Change Dir: /home/chun/logger/build/linux/CMakeFiles/CMakeTmp

Run Build Command:"/usr/bin/gmake" "cmTC_09984/fast"
/usr/bin/gmake -f CMakeFiles/cmTC_09984.dir/build.make CMakeFiles/cmTC_09984.dir/build
gmake[1]: Entering directory `/home/chun/logger/build/linux/CMakeFiles/CMakeTmp'
Building C object CMakeFiles/cmTC_09984.dir/testCCompiler.c.o
/opt/rh/devtoolset-4/root/usr/bin/cc    -o CMakeFiles/cmTC_09984.dir/testCCompiler.c.o   -c /home/chun/logger/build/linux/CMakeFiles/CMakeTmp/testCCompiler.c
Linking C executable cmTC_09984
/usr/local/bin/cmake -E cmake_link_script CMakeFiles/cmTC_09984.dir/link.txt --verbose=1
/opt/rh/devtoolset-4/root/usr/bin/cc      -rdynamic CMakeFiles/cmTC_09984.dir/testCCompiler.c.o  -o cmTC_09984 
gmake[1]: Leaving directory `/home/chun/logger/build/linux/CMakeFiles/CMakeTmp'


Detecting C compiler ABI info compiled with the following output:
Change Dir: /home/chun/logger/build/linux/CMakeFiles/CMakeTmp

Run Build Command:"/usr/bin/gmake" "cmTC_96463/fast"
/usr/bin/gmake -f CMakeFiles/cmTC_96463.dir/build.make CMakeFiles/cmTC_96463.dir/build
gmake[1]: Entering directory `/home/chun/logger/build/linux/CMakeFiles/CMakeTmp'
Building C object CMakeFiles/cmTC_96463.dir/CMakeCCompilerABI.c.o
/opt/rh/devtoolset-4/root/usr/bin/cc    -o CMakeFiles/cmTC_96463.dir/CMakeCCompilerABI.c.o   -c /usr/local/share/cmake-3.13/Modules/CMakeCCompilerABI.c
Linking C executable cmTC_96463
/usr/local/bin/cmake -E cmake_link_script CMakeFiles/cmTC_96463.dir/link.txt --verbose=1
/opt/rh/devtoolset-4/root/usr/bin/cc     -v -rdynamic CMakeFiles/cmTC_96463.dir/CMakeCCompilerABI.c.o  -o cmTC_96463 
Using built-in specs.
COLLECT_GCC=/opt/rh/devtoolset-4/root/usr/bin/cc
COLLECT_LTO_WRAPPER=/opt/rh/devtoolset-4/root/usr/libexec/gcc/x86_64-redhat-linux/5.3.1/lto-wrapper
Target: x86_64-redhat-linux
Configured with: ../configure --enable-bootstrap --enable-languages=c,c++,fortran,lto --prefix=/opt/rh/devtoolset-4/root/usr --mandir=/opt/rh/devtoolset-4/root/usr/share/man --infodir=/opt/rh/devtoolset-4/root/usr/share/info --with-bugurl=http://bugzilla.redhat.com/bugzilla --enable-shared --enable-threads=posix --enable-checking=release --enable-multilib --with-system-zlib --enable-__cxa_atexit --disable-libunwind-exceptions --enable-gnu-unique-object --enable-linker-build-id --enable-plugin --with-linker-hash-style=gnu --enable-initfini-array --disable-libgcj --with-default-libstdcxx-abi=gcc4-compatible --with-isl=/builddir/build/BUILD/gcc-5.3.1-20160406/obj-x86_64-redhat-linux/isl-install --enable-libmpx --enable-gnu-indirect-function --with-tune=generic --with-arch_32=i686 --build=x86_64-redhat-linux
Thread model: posix
gcc version 5.3.1 20160406 (Red Hat 5.3.1-6) (GCC) 
COMPILER_PATH=/opt/rh/devtoolset-4/root/usr/libexec/gcc/x86_64-redhat-linux/5.3.1/:/opt/rh/devtoolset-4/root/usr/libexec/gcc/x86_64-redhat-linux/5.3.1/:/opt/rh/devtoolset-4/root/usr/libexec/gcc/x86_64-redhat-linux/:/opt/rh/devtoolset-4/root/usr/lib/gcc/x86_64-redhat-linux/5.3.1/:/opt/rh/devtoolset-4/root/usr/lib/gcc/x86_64-redhat-linux/
LIBRARY_PATH=/opt/rh/devtoolset-4/root/usr/lib/gcc/x86_64-redhat-linux/5.3.1/:/opt/rh/devtoolset-4/root/usr/lib/gcc/x86_64-redhat-linux/5.3.1/../../../../lib64/:/lib/../lib64/:/usr/lib/../lib64/:/opt/rh/devtoolset-4/root/usr/lib/gcc/x86_64-redhat-linux/5.3.1/../../../:/lib/:/usr/lib/
COLLECT_GCC_OPTIONS='-v' '-rdynamic' '-o' 'cmTC_96463' '-mtune=generic' '-march=x86-64'
 /opt/rh/devtoolset-4/root/usr/libexec/gcc/x86_64-redhat-linux/5.3.1/collect2 -plugin /opt/rh/devtoolset-4/root/usr/libexec/gcc/x86_64-redhat-linux/5.3.1/liblto_plugin.so -plugin-opt=/opt/rh/devtoolset-4/root/usr/libexec/gcc/x86_64-redhat-linux/5.3.1/lto-wrapper -plugin-opt=-fresolution=/tmp/cceApeBP.res -plugin-opt=-pass-through=-lgcc -plugin-opt=-pass-through=-lgcc_s -plugin-opt=-pass-through=-lc -plugin-opt=-pass-through=-lgcc -plugin-opt=-pass-through=-lgcc_s --build-id --no-add-needed --eh-frame-hdr --hash-style=gnu -m elf_x86_64 -export-dynamic -dynamic-linker /lib64/ld-linux-x86-64.so.2 -o cmTC_96463 /lib/../lib64/crt1.o /lib/../lib64/crti.o /opt/rh/devtoolset-4/root/usr/lib/gcc/x86_64-redhat-linux/5.3.1/crtbegin.o -L/opt/rh/devtoolset-4/root/usr/lib/gcc/x86_64-redhat-linux/5.3.1 -L/opt/rh/devtoolset-4/root/usr/lib/gcc/x86_64-redhat-linux/5.3.1/../../../../lib64 -L/lib/../lib64 -L/usr/lib/../lib64 -L/opt/rh/devtoolset-4/root/usr/lib/gcc/x86_64-redhat-linux/5.3.1/../../.. CMakeFiles/cmTC_96463.dir/CMakeCCompilerABI.c.o -lgcc --as-needed -lgcc_s --no-as-needed -lc -lgcc --as-needed -lgcc_s --no-as-needed /opt/rh/devtoolset-4/root/usr/lib/gcc/x86_64-redhat-linux/5.3.1/crtend.o /lib/../lib64/crtn.o
gmake[1]: Leaving directory `/home/chun/logger/build/linux/CMakeFiles/CMakeTmp'


Parsed C implicit link information from above output:
  link line regex: [^( *|.*[/\])(ld|CMAKE_LINK_STARTFILE-NOTFOUND|([^/\]+-)?ld|collect2)[^/\]*( |$)]
  ignore line: [Change Dir: /home/chun/logger/build/linux/CMakeFiles/CMakeTmp]
  ignore line: []
  ignore line: [Run Build Command:"/usr/bin/gmake" "cmTC_96463/fast"]
  ignore line: [/usr/bin/gmake -f CMakeFiles/cmTC_96463.dir/build.make CMakeFiles/cmTC_96463.dir/build]
  ignore line: [gmake[1]: Entering directory `/home/chun/logger/build/linux/CMakeFiles/CMakeTmp']
  ignore line: [Building C object CMakeFiles/cmTC_96463.dir/CMakeCCompilerABI.c.o]
  ignore line: [/opt/rh/devtoolset-4/root/usr/bin/cc    -o CMakeFiles/cmTC_96463.dir/CMakeCCompilerABI.c.o   -c /usr/local/share/cmake-3.13/Modules/CMakeCCompilerABI.c]
  ignore line: [Linking C executable cmTC_96463]
  ignore line: [/usr/local/bin/cmake -E cmake_link_script CMakeFiles/cmTC_96463.dir/link.txt --verbose=1]
  ignore line: [/opt/rh/devtoolset-4/root/usr/bin/cc     -v -rdynamic CMakeFiles/cmTC_96463.dir/CMakeCCompilerABI.c.o  -o cmTC_96463 ]
  ignore line: [Using built-in specs.]
  ignore line: [COLLECT_GCC=/opt/rh/devtoolset-4/root/usr/bin/cc]
  ignore line: [COLLECT_LTO_WRAPPER=/opt/rh/devtoolset-4/root/usr/libexec/gcc/x86_64-redhat-linux/5.3.1/lto-wrapper]
  ignore line: [Target: x86_64-redhat-linux]
  ignore line: [Configured with: ../configure --enable-bootstrap --enable-languages=c,c++,fortran,lto --prefix=/opt/rh/devtoolset-4/root/usr --mandir=/opt/rh/devtoolset-4/root/usr/share/man --infodir=/opt/rh/devtoolset-4/root/usr/share/info --with-bugurl=http://bugzilla.redhat.com/bugzilla --enable-shared --enable-threads=posix --enable-checking=release --enable-multilib --with-system-zlib --enable-__cxa_atexit --disable-libunwind-exceptions --enable-gnu-unique-object --enable-linker-build-id --enable-plugin --with-linker-hash-style=gnu --enable-initfini-array --disable-libgcj --with-default-libstdcxx-abi=gcc4-compatible --with-isl=/builddir/build/BUILD/gcc-5.3.1-20160406/obj-x86_64-redhat-linux/isl-install --enable-libmpx --enable-gnu-indirect-function --with-tune=generic --with-arch_32=i686 --build=x86_64-redhat-linux]
  ignore line: [Thread model: posix]
  ignore line: [gcc version 5.3.1 20160406 (Red Hat 5.3.1-6) (GCC) ]
  ignore line: [COMPILER_PATH=/opt/rh/devtoolset-4/root/usr/libexec/gcc/x86_64-redhat-linux/5.3.1/:/opt/rh/devtoolset-4/root/usr/libexec/gcc/x86_64-redhat-linux/5.3.1/:/opt/rh/devtoolset-4/root/usr/libexec/gcc/x86_64-redhat-linux/:/opt/rh/devtoolset-4/root/usr/lib/gcc/x86_64-redhat-linux/5.3.1/:/opt/rh/devtoolset-4/root/usr/lib/gcc/x86_64-redhat-linux/]
  ignore line: [LIBRARY_PATH=/opt/rh/devtoolset-4/root/usr/lib/gcc/x86_64-redhat-linux/5.3.1/:/opt/rh/devtoolset-4/root/usr/lib/gcc/x86_64-redhat-linux/5.3.1/../../../../lib64/:/lib/../lib64/:/usr/lib/../lib64/:/opt/rh/devtoolset-4/root/usr/lib/gcc/x86_64-redhat-linux/5.3.1/../../../:/lib/:/usr/lib/]
  ignore line: [COLLECT_GCC_OPTIONS='-v' '-rdynamic' '-o' 'cmTC_96463' '-mtune=generic' '-march=x86-64']
  link line: [ /opt/rh/devtoolset-4/root/usr/libexec/gcc/x86_64-redhat-linux/5.3.1/collect2 -plugin /opt/rh/devtoolset-4/root/usr/libexec/gcc/x86_64-redhat-linux/5.3.1/liblto_plugin.so -plugin-opt=/opt/rh/devtoolset-4/root/usr/libexec/gcc/x86_64-redhat-linux/5.3.1/lto-wrapper -plugin-opt=-fresolution=/tmp/cceApeBP.res -plugin-opt=-pass-through=-lgcc -plugin-opt=-pass-through=-lgcc_s -plugin-opt=-pass-through=-lc -plugin-opt=-pass-through=-lgcc -plugin-opt=-pass-through=-lgcc_s --build-id --no-add-needed --eh-frame-hdr --hash-style=gnu -m elf_x86_64 -export-dynamic -dynamic-linker /lib64/ld-linux-x86-64.so.2 -o cmTC_96463 /lib/../lib64/crt1.o /lib/../lib64/crti.o /opt/rh/devtoolset-4/root/usr/lib/gcc/x86_64-redhat-linux/5.3.1/crtbegin.o -L/opt/rh/devtoolset-4/root/usr/lib/gcc/x86_64-redhat-linux/5.3.1 -L/opt/rh/devtoolset-4/root/usr/lib/gcc/x86_64-redhat-linux/5.3.1/../../../../lib64 -L/lib/../lib64 -L/usr/lib/../lib64 -L/opt/rh/devtoolset-4/root/usr/lib/gcc/x86_64-redhat-linux/5.3.1/../../.. CMakeFiles/cmTC_96463.dir/CMakeCCompilerABI.c.o -lgcc --as-needed -lgcc_s --no-as-needed -lc -lgcc --as-needed -lgcc_s --no-as-needed /opt/rh/devtoolset-4/root/usr/lib/gcc/x86_64-redhat-linux/5.3.1/crtend.o /lib/../lib64/crtn.o]
    arg [/opt/rh/devtoolset-4/root/usr/libexec/gcc/x86_64-redhat-linux/5.3.1/collect2] ==> ignore
    arg [-plugin] ==> ignore
    arg [/opt/rh/devtoolset-4/root/usr/libexec/gcc/x86_64-redhat-linux/5.3.1/liblto_plugin.so] ==> ignore
    arg [-plugin-opt=/opt/rh/devtoolset-4/root/usr/libexec/gcc/x86_64-redhat-linux/5.3.1/lto-wrapper] ==> ignore
    arg [-plugin-opt=-fresolution=/tmp/cceApeBP.res] ==> ignore
    arg [-plugin-opt=-pass-through=-lgcc] ==> ignore
    arg [-plugin-opt=-pass-through=-lgcc_s] ==> ignore
    arg [-plugin-opt=-pass-through=-lc] ==> ignore
    arg [-plugin-opt=-pass-through=-lgcc] ==> ignore
    arg [-plugin-opt=-pass-through=-lgcc_s] ==> ignore
    arg [--build-id] ==> ignore
    arg [--no-add-needed] ==> ignore
    arg [--eh-frame-hdr] ==> ignore
    arg [--hash-style=gnu] ==> ignore
    arg [-m] ==> ignore
    arg [elf_x86_64] ==> ignore
    arg [-export-dynamic] ==> ignore
    arg [-dynamic-linker] ==> ignore
    arg [/lib64/ld-linux-x86-64.so.2] ==> ignore
    arg [-o] ==> ignore
    arg [cmTC_96463] ==> ignore
    arg [/lib/../lib64/crt1.o] ==> ignore
    arg [/lib/../lib64/crti.o] ==> ignore
    arg [/opt/rh/devtoolset-4/root/usr/lib/gcc/x86_64-redhat-linux/5.3.1/crtbegin.o] ==> ignore
    arg [-L/opt/rh/devtoolset-4/root/usr/lib/gcc/x86_64-redhat-linux/5.3.1] ==> dir [/opt/rh/devtoolset-4/root/usr/lib/gcc/x86_64-redhat-linux/5.3.1]
    arg [-L/opt/rh/devtoolset-4/root/usr/lib/gcc/x86_64-redhat-linux/5.3.1/../../../../lib64] ==> dir [/opt/rh/devtoolset-4/root/usr/lib/gcc/x86_64-redhat-linux/5.3.1/../../../../lib64]
    arg [-L/lib/../lib64] ==> dir [/lib/../lib64]
    arg [-L/usr/lib/../lib64] ==> dir [/usr/lib/../lib64]
    arg [-L/opt/rh/devtoolset-4/root/usr/lib/gcc/x86_64-redhat-linux/5.3.1/../../..] ==> dir [/opt/rh/devtoolset-4/root/usr/lib/gcc/x86_64-redhat-linux/5.3.1/../../..]
    arg [CMakeFiles/cmTC_96463.dir/CMakeCCompilerABI.c.o] ==> ignore
    arg [-lgcc] ==> lib [gcc]
    arg [--as-needed] ==> ignore
    arg [-lgcc_s] ==> lib [gcc_s]
    arg [--no-as-needed] ==> ignore
    arg [-lc] ==> lib [c]
    arg [-lgcc] ==> lib [gcc]
    arg [--as-needed] ==> ignore
    arg [-lgcc_s] ==> lib [gcc_s]
    arg [--no-as-needed] ==> ignore
    arg [/opt/rh/devtoolset-4/root/usr/lib/gcc/x86_64-redhat-linux/5.3.1/crtend.o] ==> ignore
    arg [/lib/../lib64/crtn.o] ==> ignore
  collapse library dir [/opt/rh/devtoolset-4/root/usr/lib/gcc/x86_64-redhat-linux/5.3.1] ==> [/opt/rh/devtoolset-4/root/usr/lib/gcc/x86_64-redhat-linux/5.3.1]
  collapse library dir [/opt/rh/devtoolset-4/root/usr/lib/gcc/x86_64-redhat-linux/5.3.1/../../../../lib64] ==> [/opt/rh/devtoolset-4/root/usr/lib64]
  collapse library dir [/lib/../lib64] ==> [/lib64]
  collapse library dir [/usr/lib/../lib64] ==> [/usr/lib64]
  collapse library dir [/opt/rh/devtoolset-4/root/usr/lib/gcc/x86_64-redhat-linux/5.3.1/../../..] ==> [/opt/rh/devtoolset-4/root/usr/lib]
  implicit libs: [gcc;gcc_s;c;gcc;gcc_s]
  implicit dirs: [/opt/rh/devtoolset-4/root/usr/lib/gcc/x86_64-redhat-linux/5.3.1;/opt/rh/devtoolset-4/root/usr/lib64;/lib64;/usr/lib64;/opt/rh/devtoolset-4/root/usr/lib]
  implicit fwks: []




Detecting C [-std=c11] compiler features compiled with the following output:
Change Dir: /home/chun/logger/build/linux/CMakeFiles/CMakeTmp

Run Build Command:"/usr/bin/gmake" "cmTC_b567c/fast"
/usr/bin/gmake -f CMakeFiles/cmTC_b567c.dir/build.make CMakeFiles/cmTC_b567c.dir/build
gmake[1]: Entering directory `/home/chun/logger/build/linux/CMakeFiles/CMakeTmp'
Building C object CMakeFiles/cmTC_b567c.dir/feature_tests.c.o
/opt/rh/devtoolset-4/root/usr/bin/cc   -std=c11 -o CMakeFiles/cmTC_b567c.dir/feature_tests.c.o   -c /home/chun/logger/build/linux/CMakeFiles/feature_tests.c
Linking C executable cmTC_b567c
/usr/local/bin/cmake -E cmake_link_script CMakeFiles/cmTC_b567c.dir/link.txt --verbose=1
/opt/rh/devtoolset-4/root/usr/bin/cc      -rdynamic CMakeFiles/cmTC_b567c.dir/feature_tests.c.o  -o cmTC_b567c 
gmake[1]: Leaving directory `/home/chun/logger/build/linux/CMakeFiles/CMakeTmp'


    Feature record: C_FEATURE:1c_function_prototypes
    Feature record: C_FEATURE:1c_restrict
    Feature record: C_FEATURE:1c_static_assert
    Feature record: C_FEATURE:1c_variadic_macros


Detecting C [-std=c99] compiler features compiled with the following output:
Change Dir: /home/chun/logger/build/linux/CMakeFiles/CMakeTmp

Run Build Command:"/usr/bin/gmake" "cmTC_596e2/fast"
/usr/bin/gmake -f CMakeFiles/cmTC_596e2.dir/build.make CMakeFiles/cmTC_596e2.dir/build
gmake[1]: Entering directory `/home/chun/logger/build/linux/CMakeFiles/CMakeTmp'
Building C object CMakeFiles/cmTC_596e2.dir/feature_tests.c.o
/opt/rh/devtoolset-4/root/usr/bin/cc   -std=c99 -o CMakeFiles/cmTC_596e2.dir/feature_tests.c.o   -c /home/chun/logger/build/linux/CMakeFiles/feature_tests.c
Linking C executable cmTC_596e2
/usr/local/bin/cmake -E cmake_link_script CMakeFiles/cmTC_596e2.dir/link.txt --verbose=1
/opt/rh/devtoolset-4/root/usr/bin/cc      -rdynamic CMakeFiles/cmTC_596e2.dir/feature_tests.c.o  -o cmTC_596e2 
gmake[1]: Leaving directory `/home/chun/logger/build/linux/CMakeFiles/CMakeTmp'


    Feature record: C_FEATURE:1c_function_prototypes
    Feature record: C_FEATURE:1c_restrict
    Feature record: C_FEATURE:0c_static_assert
    Feature record: C_FEATURE:1c_variadic_macros


Detecting C [-std=c90] compiler features compiled with the following output:
Change Dir: /home/chun/logger/build/linux/CMakeFiles/CMakeTmp

Run Build Command:"/usr/bin/gmake" "cmTC_3cb41/fast"
/usr/bin/gmake -f CMakeFiles/cmTC_3cb41.dir/build.make CMakeFiles/cmTC_3cb41.dir/build
gmake[1]: Entering directory `/home/chun/logger/build/linux/CMakeFiles/CMakeTmp'
Building C object CMakeFiles/cmTC_3cb41.dir/feature_tests.c.o
/opt/rh/devtoolset-4/root/usr/bin/cc   -std=c90 -o CMakeFiles/cmTC_3cb41.dir/feature_tests.c.o   -c /home/chun/logger/build/linux/CMakeFiles/feature_tests.c
Linking C executable cmTC_3cb41
/usr/local/bin/cmake -E cmake_link_script CMakeFiles/cmTC_3cb41.dir/link.txt --verbose=1
/opt/rh/devtoolset-4/root/usr/bin/cc      -rdynamic CMakeFiles/cmTC_3cb41.dir/feature_tests.c.o  -o cmTC_3cb41 
gmake[1]: Leaving directory `/home/chun/logger/build/linux/CMakeFiles/CMakeTmp'


    Feature record: C_FEATURE:1c_function_prototypes
    Feature record: C_FEATURE:0c_restrict
    Feature record: C_FEATURE:0c_static_assert
    Feature record: C_FEATURE:0c_variadic_macros
Determining if the CXX compiler works passed with the following output:
Change Dir: /home/chun/logger/build/linux/CMakeFiles/CMakeTmp

Run Build Command:"/usr/bin/gmake" "cmTC_8faf6/fast"
/usr/bin/gmake -f CMakeFiles/cmTC_8faf6.dir/build.make CMakeFiles/cmTC_8faf6.dir/build
gmake[1]: Entering directory `/home/chun/logger/build/linux/CMakeFiles/CMakeTmp'
Building CXX object CMakeFiles/cmTC_8faf6.dir/testCXXCompiler.cxx.o
/opt/rh/devtoolset-4/root/usr/bin/c++     -o CMakeFiles/cmTC_8faf6.dir/testCXXCompiler.cxx.o -c /home/chun/logger/build/linux/CMakeFiles/CMakeTmp/testCXXCompiler.cxx
Linking CXX executable cmTC_8faf6
/usr/local/bin/cmake -E cmake_link_script CMakeFiles/cmTC_8faf6.dir/link.txt --verbose=1
/opt/rh/devtoolset-4/root/usr/bin/c++       -rdynamic CMakeFiles/cmTC_8faf6.dir/testCXXCompiler.cxx.o  -o cmTC_8faf6 
gmake[1]: Leaving directory `/home/chun/logger/build/linux/CMakeFiles/CMakeTmp'


Detecting CXX compiler ABI info compiled with the following output:
Change Dir: /home/chun/logger/build/linux/CMakeFiles/CMakeTmp

Run Build Command:"/usr/bin/gmake" "cmTC_f6b5d/fast"
/usr/bin/gmake -f CMakeFiles/cmTC_f6b5d.dir/build.make CMakeFiles/cmTC_f6b5d.dir/build
gmake[1]: Entering directory `/home/chun/logger/build/linux/CMakeFiles/CMakeTmp'
Building CXX object CMakeFiles/cmTC_f6b5d.dir/CMakeCXXCompilerABI.cpp.o
/opt/rh/devtoolset-4/root/usr/bin/c++     -o CMakeFiles/cmTC_f6b5d.dir/CMakeCXXCompilerABI.cpp.o -c /usr/local/share/cmake-3.13/Modules/CMakeCXXCompilerABI.cpp
Linking CXX executable cmTC_f6b5d
/usr/local/bin/cmake -E cmake_link_script CMakeFiles/cmTC_f6b5d.dir/link.txt --verbose=1
/opt/rh/devtoolset-4/root/usr/bin/c++      -v -rdynamic CMakeFiles/cmTC_f6b5d.dir/CMakeCXXCompilerABI.cpp.o  -o cmTC_f6b5d 
Using built-in specs.
COLLECT_GCC=/opt/rh/devtoolset-4/root/usr/bin/c++
COLLECT_LTO_WRAPPER=/opt/rh/devtoolset-4/root/usr/libexec/gcc/x86_64-redhat-linux/5.3.1/lto-wrapper
Target: x86_64-redhat-linux
Configured with: ../configure --enable-bootstrap --enable-languages=c,c++,fortran,lto --prefix=/opt/rh/devtoolset-4/root/usr --mandir=/opt/rh/devtoolset-4/root/usr/share/man --infodir=/opt/rh/devtoolset-4/root/usr/share/info --with-bugurl=http://bugzilla.redhat.com/bugzilla --enable-shared --enable-threads=posix --enable-checking=release --enable-multilib --with-system-zlib --enable-__cxa_atexit --disable-libunwind-exceptions --enable-gnu-unique-object --enable-linker-build-id --enable-plugin --with-linker-hash-style=gnu --enable-initfini-array --disable-libgcj --with-default-libstdcxx-abi=gcc4-compatible --with-isl=/builddir/build/BUILD/gcc-5.3.1-20160406/obj-x86_64-redhat-linux/isl-install --enable-libmpx --enable-gnu-indirect-function --with-tune=generic --with-arch_32=i686 --build=x86_64-redhat-linux
Thread model: posix
gcc version 5.3.1 20160406 (Red Hat 5.3.1-6) (GCC) 
COMPILER_PATH=/opt/rh/devtoolset-4/root/usr/libexec/gcc/x86_64-redhat-linux/5.3.1/:/opt/rh/devtoolset-4/root/usr/libexec/gcc/x86_64-redhat-linux/5.3.1/:/opt/rh/devtoolset-4/root/usr/libexec/gcc/x86_64-redhat-linux/:/opt/rh/devtoolset-4/root/usr/lib/gcc/x86_64-redhat-linux/5.3.1/:/opt/rh/devtoolset-4/root/usr/lib/gcc/x86_64-redhat-linux/
LIBRARY_PATH=/opt/rh/devtoolset-4/root/usr/lib/gcc/x86_64-redhat-linux/5.3.1/:/opt/rh/devtoolset-4/root/usr/lib/gcc/x86_64-redhat-linux/5.3.1/../../../../lib64/:/lib/../lib64/:/usr/lib/../lib64/:/opt/rh/devtoolset-4/root/usr/lib/gcc/x86_64-redhat-linux/5.3.1/../../../:/lib/:/usr/lib/
COLLECT_GCC_OPTIONS='-v' '-rdynamic' '-o' 'cmTC_f6b5d' '-shared-libgcc' '-mtune=generic' '-march=x86-64'
 /opt/rh/devtoolset-4/root/usr/libexec/gcc/x86_64-redhat-linux/5.3.1/collect2 -plugin /opt/rh/devtoolset-4/root/usr/libexec/gcc/x86_64-redhat-linux/5.3.1/liblto_plugin.so -plugin-opt=/opt/rh/devtoolset-4/root/usr/libexec/gcc/x86_64-redhat-linux/5.3.1/lto-wrapper -plugin-opt=-fresolution=/tmp/ccviP7Te.res -plugin-opt=-pass-through=-lgcc_s -plugin-opt=-pass-through=-lgcc -plugin-opt=-pass-through=-lc -plugin-opt=-pass-through=-lgcc_s -plugin-opt=-pass-through=-lgcc --build-id --no-add-needed --eh-frame-hdr --hash-style=gnu -m elf_x86_64 -export-dynamic -dynamic-linker /lib64/ld-linux-x86-64.so.2 -o cmTC_f6b5d /lib/../lib64/crt1.o /lib/../lib64/crti.o /opt/rh/devtoolset-4/root/usr/lib/gcc/x86_64-redhat-linux/5.3.1/crtbegin.o -L/opt/rh/devtoolset-4/root/usr/lib/gcc/x86_64-redhat-linux/5.3.1 -L/opt/rh/devtoolset-4/root/usr/lib/gcc/x86_64-redhat-linux/5.3.1/../../../../lib64 -L/lib/../lib64 -L/usr/lib/../lib64 -L/opt/rh/devtoolset-4/root/usr/lib/gcc/x86_64-redhat-linux/5.3.1/../../.. CMakeFiles/cmTC_f6b5d.dir/CMakeCXXCompilerABI.cpp.o -lstdc++ -lm -lgcc_s -lgcc -lc -lgcc_s -lgcc /opt/rh/devtoolset-4/root/usr/lib/gcc/x86_64-redhat-linux/5.3.1/crtend.o /lib/../lib64/crtn.o
gmake[1]: Leaving directory `/home/chun/logger/build/linux/CMakeFiles/CMakeTmp'


Parsed CXX implicit link information from above output:
  link line regex: [^( *|.*[/\])(ld|CMAKE_LINK_STARTFILE-NOTFOUND|([^/\]+-)?ld|collect2)[^/\]*( |$)]
  ignore line: [Change Dir: /home/chun/logger/build/linux/CMakeFiles/CMakeTmp]
  ignore line: []
  ignore line: [Run Build Command:"/usr/bin/gmake" "cmTC_f6b5d/fast"]
  ignore line: [/usr/bin/gmake -f CMakeFiles/cmTC_f6b5d.dir/build.make CMakeFiles/cmTC_f6b5d.dir/build]
  ignore line: [gmake[1]: Entering directory `/home/chun/logger/build/linux/CMakeFiles/CMakeTmp']
  ignore line: [Building CXX object CMakeFiles/cmTC_f6b5d.dir/CMakeCXXCompilerABI.cpp.o]
  ignore line: [/opt/rh/devtoolset-4/root/usr/bin/c++     -o CMakeFiles/cmTC_f6b5d.dir/CMakeCXXCompilerABI.cpp.o -c /usr/local/share/cmake-3.13/Modules/CMakeCXXCompilerABI.cpp]
  ignore line: [Linking CXX executable cmTC_f6b5d]
  ignore line: [/usr/local/bin/cmake -E cmake_link_script CMakeFiles/cmTC_f6b5d.dir/link.txt --verbose=1]
  ignore line: [/opt/rh/devtoolset-4/root/usr/bin/c++      -v -rdynamic CMakeFiles/cmTC_f6b5d.dir/CMakeCXXCompilerABI.cpp.o  -o cmTC_f6b5d ]
  ignore line: [Using built-in specs.]
  ignore line: [COLLECT_GCC=/opt/rh/devtoolset-4/root/usr/bin/c++]
  ignore line: [COLLECT_LTO_WRAPPER=/opt/rh/devtoolset-4/root/usr/libexec/gcc/x86_64-redhat-linux/5.3.1/lto-wrapper]
  ignore line: [Target: x86_64-redhat-linux]
  ignore line: [Configured with: ../configure --enable-bootstrap --enable-languages=c,c++,fortran,lto --prefix=/opt/rh/devtoolset-4/root/usr --mandir=/opt/rh/devtoolset-4/root/usr/share/man --infodir=/opt/rh/devtoolset-4/root/usr/share/info --with-bugurl=http://bugzilla.redhat.com/bugzilla --enable-shared --enable-threads=posix --enable-checking=release --enable-multilib --with-system-zlib --enable-__cxa_atexit --disable-libunwind-exceptions --enable-gnu-unique-object --enable-linker-build-id --enable-plugin --with-linker-hash-style=gnu --enable-initfini-array --disable-libgcj --with-default-libstdcxx-abi=gcc4-compatible --with-isl=/builddir/build/BUILD/gcc-5.3.1-20160406/obj-x86_64-redhat-linux/isl-install --enable-libmpx --enable-gnu-indirect-function --with-tune=generic --with-arch_32=i686 --build=x86_64-redhat-linux]
  ignore line: [Thread model: posix]
  ignore line: [gcc version 5.3.1 20160406 (Red Hat 5.3.1-6) (GCC) ]
  ignore line: [COMPILER_PATH=/opt/rh/devtoolset-4/root/usr/libexec/gcc/x86_64-redhat-linux/5.3.1/:/opt/rh/devtoolset-4/root/usr/libexec/gcc/x86_64-redhat-linux/5.3.1/:/opt/rh/devtoolset-4/root/usr/libexec/gcc/x86_64-redhat-linux/:/opt/rh/devtoolset-4/root/usr/lib/gcc/x86_64-redhat-linux/5.3.1/:/opt/rh/devtoolset-4/root/usr/lib/gcc/x86_64-redhat-linux/]
  ignore line: [LIBRARY_PATH=/opt/rh/devtoolset-4/root/usr/lib/gcc/x86_64-redhat-linux/5.3.1/:/opt/rh/devtoolset-4/root/usr/lib/gcc/x86_64-redhat-linux/5.3.1/../../../../lib64/:/lib/../lib64/:/usr/lib/../lib64/:/opt/rh/devtoolset-4/root/usr/lib/gcc/x86_64-redhat-linux/5.3.1/../../../:/lib/:/usr/lib/]
  ignore line: [COLLECT_GCC_OPTIONS='-v' '-rdynamic' '-o' 'cmTC_f6b5d' '-shared-libgcc' '-mtune=generic' '-march=x86-64']
  link line: [ /opt/rh/devtoolset-4/root/usr/libexec/gcc/x86_64-redhat-linux/5.3.1/collect2 -plugin /opt/rh/devtoolset-4/root/usr/libexec/gcc/x86_64-redhat-linux/5.3.1/liblto_plugin.so -plugin-opt=/opt/rh/devtoolset-4/root/usr/libexec/gcc/x86_64-redhat-linux/5.3.1/lto-wrapper -plugin-opt=-fresolution=/tmp/ccviP7Te.res -plugin-opt=-pass-through=-lgcc_s -plugin-opt=-pass-through=-lgcc -plugin-opt=-pass-through=-lc -plugin-opt=-pass-through=-lgcc_s -plugin-opt=-pass-through=-lgcc --build-id --no-add-needed --eh-frame-hdr --hash-style=gnu -m elf_x86_64 -export-dynamic -dynamic-linker /lib64/ld-linux-x86-64.so.2 -o cmTC_f6b5d /lib/../lib64/crt1.o /lib/../lib64/crti.o /opt/rh/devtoolset-4/root/usr/lib/gcc/x86_64-redhat-linux/5.3.1/crtbegin.o -L/opt/rh/devtoolset-4/root/usr/lib/gcc/x86_64-redhat-linux/5.3.1 -L/opt/rh/devtoolset-4/root/usr/lib/gcc/x86_64-redhat-linux/5.3.1/../../../../lib64 -L/lib/../lib64 -L/usr/lib/../lib64 -L/opt/rh/devtoolset-4/root/usr/lib/gcc/x86_64-redhat-linux/5.3.1/../../.. CMakeFiles/cmTC_f6b5d.dir/CMakeCXXCompilerABI.cpp.o -lstdc++ -lm -lgcc_s -lgcc -lc -lgcc_s -lgcc /opt/rh/devtoolset-4/root/usr/lib/gcc/x86_64-redhat-linux/5.3.1/crtend.o /lib/../lib64/crtn.o]
    arg [/opt/rh/devtoolset-4/root/usr/libexec/gcc/x86_64-redhat-linux/5.3.1/collect2] ==> ignore
    arg [-plugin] ==> ignore
    arg [/opt/rh/devtoolset-4/root/usr/libexec/gcc/x86_64-redhat-linux/5.3.1/liblto_plugin.so] ==> ignore
    arg [-plugin-opt=/opt/rh/devtoolset-4/root/usr/libexec/gcc/x86_64-redhat-linux/5.3.1/lto-wrapper] ==> ignore
    arg [-plugin-opt=-fresolution=/tmp/ccviP7Te.res] ==> ignore
    arg [-plugin-opt=-pass-through=-lgcc_s] ==> ignore
    arg [-plugin-opt=-pass-through=-lgcc] ==> ignore
    arg [-plugin-opt=-pass-through=-lc] ==> ignore
    arg [-plugin-opt=-pass-through=-lgcc_s] ==> ignore
    arg [-plugin-opt=-pass-through=-lgcc] ==> ignore
    arg [--build-id] ==> ignore
    arg [--no-add-needed] ==> ignore
    arg [--eh-frame-hdr] ==> ignore
    arg [--hash-style=gnu] ==> ignore
    arg [-m] ==> ignore
    arg [elf_x86_64] ==> ignore
    arg [-export-dynamic] ==> ignore
    arg [-dynamic-linker] ==> ignore
    arg [/lib64/ld-linux-x86-64.so.2] ==> ignore
    arg [-o] ==> ignore
    arg [cmTC_f6b5d] ==> ignore
    arg [/lib/../lib64/crt1.o] ==> ignore
    arg [/lib/../lib64/crti.o] ==> ignore
    arg [/opt/rh/devtoolset-4/root/usr/lib/gcc/x86_64-redhat-linux/5.3.1/crtbegin.o] ==> ignore
    arg [-L/opt/rh/devtoolset-4/root/usr/lib/gcc/x86_64-redhat-linux/5.3.1] ==> dir [/opt/rh/devtoolset-4/root/usr/lib/gcc/x86_64-redhat-linux/5.3.1]
    arg [-L/opt/rh/devtoolset-4/root/usr/lib/gcc/x86_64-redhat-linux/5.3.1/../../../../lib64] ==> dir [/opt/rh/devtoolset-4/root/usr/lib/gcc/x86_64-redhat-linux/5.3.1/../../../../lib64]
    arg [-L/lib/../lib64] ==> dir [/lib/../lib64]
    arg [-L/usr/lib/../lib64] ==> dir [/usr/lib/../lib64]
    arg [-L/opt/rh/devtoolset-4/root/usr/lib/gcc/x86_64-redhat-linux/5.3.1/../../..] ==> dir [/opt/rh/devtoolset-4/root/usr/lib/gcc/x86_64-redhat-linux/5.3.1/../../..]
    arg [CMakeFiles/cmTC_f6b5d.dir/CMakeCXXCompilerABI.cpp.o] ==> ignore
    arg [-lstdc++] ==> lib [stdc++]
    arg [-lm] ==> lib [m]
    arg [-lgcc_s] ==> lib [gcc_s]
    arg [-lgcc] ==> lib [gcc]
    arg [-lc] ==> lib [c]
    arg [-lgcc_s] ==> lib [gcc_s]
    arg [-lgcc] ==> lib [gcc]
    arg [/opt/rh/devtoolset-4/root/usr/lib/gcc/x86_64-redhat-linux/5.3.1/crtend.o] ==> ignore
    arg [/lib/../lib64/crtn.o] ==> ignore
  collapse library dir [/opt/rh/devtoolset-4/root/usr/lib/gcc/x86_64-redhat-linux/5.3.1] ==> [/opt/rh/devtoolset-4/root/usr/lib/gcc/x86_64-redhat-linux/5.3.1]
  collapse library dir [/opt/rh/devtoolset-4/root/usr/lib/gcc/x86_64-redhat-linux/5.3.1/../../../../lib64] ==> [/opt/rh/devtoolset-4/root/usr/lib64]
  collapse library dir [/lib/../lib64] ==> [/lib64]
  collapse library dir [/usr/lib/../lib64] ==> [/usr/lib64]
  collapse library dir [/opt/rh/devtoolset-4/root/usr/lib/gcc/x86_64-redhat-linux/5.3.1/../../..] ==> [/opt/rh/devtoolset-4/root/usr/lib]
  implicit libs: [stdc++;m;gcc_s;gcc;c;gcc_s;gcc]
  implicit dirs: [/opt/rh/devtoolset-4/root/usr/lib/gcc/x86_64-redhat-linux/5.3.1;/opt/rh/devtoolset-4/root/usr/lib64;/lib64;/usr/lib64;/opt/rh/devtoolset-4/root/usr/lib]
  implicit fwks: []




Detecting CXX [-std=c++1z] compiler features compiled with the following output:
Change Dir: /home/chun/logger/build/linux/CMakeFiles/CMakeTmp

Run Build Command:"/usr/bin/gmake" "cmTC_333f0/fast"
/usr/bin/gmake -f CMakeFiles/cmTC_333f0.dir/build.make CMakeFiles/cmTC_333f0.dir/build
gmake[1]: Entering directory `/home/chun/logger/build/linux/CMakeFiles/CMakeTmp'
Building CXX object CMakeFiles/cmTC_333f0.dir/feature_tests.cxx.o
/opt/rh/devtoolset-4/root/usr/bin/c++    -std=c++1z -o CMakeFiles/cmTC_333f0.dir/feature_tests.cxx.o -c /home/chun/logger/build/linux/CMakeFiles/feature_tests.cxx
Linking CXX executable cmTC_333f0
/usr/local/bin/cmake -E cmake_link_script CMakeFiles/cmTC_333f0.dir/link.txt --verbose=1
/opt/rh/devtoolset-4/root/usr/bin/c++       -rdynamic CMakeFiles/cmTC_333f0.dir/feature_tests.cxx.o  -o cmTC_333f0 
gmake[1]: Leaving directory `/home/chun/logger/build/linux/CMakeFiles/CMakeTmp'


    Feature record: CXX_FEATURE:1cxx_aggregate_default_initializers
    Feature record: CXX_FEATURE:1cxx_alias_templates
    Feature record: CXX_FEATURE:1cxx_alignas
    Feature record: CXX_FEATURE:1cxx_alignof
    Feature record: CXX_FEATURE:1cxx_attributes
    Feature record: CXX_FEATURE:1cxx_attribute_deprecated
    Feature record: CXX_FEATURE:1cxx_auto_type
    Feature record: CXX_FEATURE:1cxx_binary_literals
    Feature record: CXX_FEATURE:1cxx_constexpr
    Feature record: CXX_FEATURE:1cxx_contextual_conversions
    Feature record: CXX_FEATURE:1cxx_decltype
    Feature record: CXX_FEATURE:1cxx_decltype_auto
    Feature record: CXX_FEATURE:1cxx_decltype_incomplete_return_types
    Feature record: CXX_FEATURE:1cxx_default_function_template_args
    Feature record: CXX_FEATURE:1cxx_defaulted_functions
    Feature record: CXX_FEATURE:1cxx_defaulted_move_initializers
    Feature record: CXX_FEATURE:1cxx_delegating_constructors
    Feature record: CXX_FEATURE:1cxx_deleted_functions
    Feature record: CXX_FEATURE:1cxx_digit_separators
    Feature record: CXX_FEATURE:1cxx_enum_forward_declarations
    Feature record: CXX_FEATURE:1cxx_explicit_conversions
    Feature record: CXX_FEATURE:1cxx_extended_friend_declarations
    Feature record: CXX_FEATURE:1cxx_extern_templates
    Feature record: CXX_FEATURE:1cxx_final
    Feature record: CXX_FEATURE:1cxx_func_identifier
    Feature record: CXX_FEATURE:1cxx_generalized_initializers
    Feature record: CXX_FEATURE:1cxx_generic_lambdas
    Feature record: CXX_FEATURE:1cxx_inheriting_constructors
    Feature record: CXX_FEATURE:1cxx_inline_namespaces
    Feature record: CXX_FEATURE:1cxx_lambdas
    Feature record: CXX_FEATURE:1cxx_lambda_init_captures
    Feature record: CXX_FEATURE:1cxx_local_type_template_args
    Feature record: CXX_FEATURE:1cxx_long_long_type
    Feature record: CXX_FEATURE:1cxx_noexcept
    Feature record: CXX_FEATURE:1cxx_nonstatic_member_init
    Feature record: CXX_FEATURE:1cxx_nullptr
    Feature record: CXX_FEATURE:1cxx_override
    Feature record: CXX_FEATURE:1cxx_range_for
    Feature record: CXX_FEATURE:1cxx_raw_string_literals
    Feature record: CXX_FEATURE:1cxx_reference_qualified_functions
    Feature record: CXX_FEATURE:1cxx_relaxed_constexpr
    Feature record: CXX_FEATURE:1cxx_return_type_deduction
    Feature record: CXX_FEATURE:1cxx_right_angle_brackets
    Feature record: CXX_FEATURE:1cxx_rvalue_references
    Feature record: CXX_FEATURE:1cxx_sizeof_member
    Feature record: CXX_FEATURE:1cxx_static_assert
    Feature record: CXX_FEATURE:1cxx_strong_enums
    Feature record: CXX_FEATURE:1cxx_template_template_parameters
    Feature record: CXX_FEATURE:1cxx_thread_local
    Feature record: CXX_FEATURE:1cxx_trailing_return_types
    Feature record: CXX_FEATURE:1cxx_unicode_literals
    Feature record: CXX_FEATURE:1cxx_uniform_initialization
    Feature record: CXX_FEATURE:1cxx_unrestricted_unions
    Feature record: CXX_FEATURE:1cxx_user_literals
    Feature record: CXX_FEATURE:1cxx_variable_templates
    Feature record: CXX_FEATURE:1cxx_variadic_macros
    Feature record: CXX_FEATURE:1cxx_variadic_templates


Detecting CXX [-std=c++14] compiler features compiled with the following output:
Change Dir: /home/chun/logger/build/linux/CMakeFiles/CMakeTmp

Run Build Command:"/usr/bin/gmake" "cmTC_c1d28/fast"
/usr/bin/gmake -f CMakeFiles/cmTC_c1d28.dir/build.make CMakeFiles/cmTC_c1d28.dir/build
gmake[1]: Entering directory `/home/chun/logger/build/linux/CMakeFiles/CMakeTmp'
Building CXX object CMakeFiles/cmTC_c1d28.dir/feature_tests.cxx.o
/opt/rh/devtoolset-4/root/usr/bin/c++    -std=c++14 -o CMakeFiles/cmTC_c1d28.dir/feature_tests.cxx.o -c /home/chun/logger/build/linux/CMakeFiles/feature_tests.cxx
Linking CXX executable cmTC_c1d28
/usr/local/bin/cmake -E cmake_link_script CMakeFiles/cmTC_c1d28.dir/link.txt --verbose=1
/opt/rh/devtoolset-4/root/usr/bin/c++       -rdynamic CMakeFiles/cmTC_c1d28.dir/feature_tests.cxx.o  -o cmTC_c1d28 
gmake[1]: Leaving directory `/home/chun/logger/build/linux/CMakeFiles/CMakeTmp'


    Feature record: CXX_FEATURE:1cxx_aggregate_default_initializers
    Feature record: CXX_FEATURE:1cxx_alias_templates
    Feature record: CXX_FEATURE:1cxx_alignas
    Feature record: CXX_FEATURE:1cxx_alignof
    Feature record: CXX_FEATURE:1cxx_attributes
    Feature record: CXX_FEATURE:1cxx_attribute_deprecated
    Feature record: CXX_FEATURE:1cxx_auto_type
    Feature record: CXX_FEATURE:1cxx_binary_literals
    Feature record: CXX_FEATURE:1cxx_constexpr
    Feature record: CXX_FEATURE:1cxx_contextual_conversions
    Feature record: CXX_FEATURE:1cxx_decltype
    Feature record: CXX_FEATURE:1cxx_decltype_auto
    Feature record: CXX_FEATURE:1cxx_decltype_incomplete_return_types
    Feature record: CXX_FEATURE:1cxx_default_function_template_args
    Feature record: CXX_FEATURE:1cxx_defaulted_functions
    Feature record: CXX_FEATURE:1cxx_defaulted_move_initializers
    Feature record: CXX_FEATURE:1cxx_delegating_constructors
    Feature record: CXX_FEATURE:1cxx_deleted_functions
    Feature record: CXX_FEATURE:1cxx_digit_separators
    Feature record: CXX_FEATURE:1cxx_enum_forward_declarations
    Feature record: CXX_FEATURE:1cxx_explicit_conversions
    Feature record: CXX_FEATURE:1cxx_extended_friend_declarations
    Feature record: CXX_FEATURE:1cxx_extern_templates
    Feature record: CXX_FEATURE:1cxx_final
    Feature record: CXX_FEATURE:1cxx_func_identifier
    Feature record: CXX_FEATURE:1cxx_generalized_initializers
    Feature record: CXX_FEATURE:1cxx_generic_lambdas
    Feature record: CXX_FEATURE:1cxx_inheriting_constructors
    Feature record: CXX_FEATURE:1cxx_inline_namespaces
    Feature record: CXX_FEATURE:1cxx_lambdas
    Feature record: CXX_FEATURE:1cxx_lambda_init_captures
    Feature record: CXX_FEATURE:1cxx_local_type_template_args
    Feature record: CXX_FEATURE:1cxx_long_long_type
    Feature record: CXX_FEATURE:1cxx_noexcept
    Feature record: CXX_FEATURE:1cxx_nonstatic_member_init
    Feature record: CXX_FEATURE:1cxx_nullptr
    Feature record: CXX_FEATURE:1cxx_override
    Feature record: CXX_FEATURE:1cxx_range_for
    Feature record: CXX_FEATURE:1cxx_raw_string_literals
    Feature record: CXX_FEATURE:1cxx_reference_qualified_functions
    Feature record: CXX_FEATURE:1cxx_relaxed_constexpr
    Feature record: CXX_FEATURE:1cxx_return_type_deduction
    Feature record: CXX_FEATURE:1cxx_right_angle_brackets
    Feature record: CXX_FEATURE:1cxx_rvalue_references
    Feature record: CXX_FEATURE:1cxx_sizeof_member
    Feature record: CXX_FEATURE:1cxx_static_assert
    Feature record: CXX_FEATURE:1cxx_strong_enums
    Feature record: CXX_FEATURE:1cxx_template_template_parameters
    Feature record: CXX_FEATURE:1cxx_thread_local
    Feature record: CXX_FEATURE:1cxx_trailing_return_types
    Feature record: CXX_FEATURE:1cxx_unicode_literals
    Feature record: CXX_FEATURE:1cxx_uniform_initialization
    Feature record: CXX_FEATURE:1cxx_unrestricted_unions
    Feature record: CXX_FEATURE:1cxx_user_literals
    Feature record: CXX_FEATURE:1cxx_variable_templates
    Feature record: CXX_FEATURE:1cxx_variadic_macros
    Feature record: CXX_FEATURE:1cxx_variadic_templates


Detecting CXX [-std=c++11] compiler features compiled with the following output:
Change Dir: /home/chun/logger/build/linux/CMakeFiles/CMakeTmp

Run Build Command:"/usr/bin/gmake" "cmTC_a0a1c/fast"
/usr/bin/gmake -f CMakeFiles/cmTC_a0a1c.dir/build.make CMakeFiles/cmTC_a0a1c.dir/build
gmake[1]: Entering directory `/home/chun/logger/build/linux/CMakeFiles/CMakeTmp'
Building CXX object CMakeFiles/cmTC_a0a1c.dir/feature_tests.cxx.o
/opt/rh/devtoolset-4/root/usr/bin/c++    -std=c++11 -o CMakeFiles/cmTC_a0a1c.dir/feature_tests.cxx.o -c /home/chun/logger/build/linux/CMakeFiles/feature_tests.cxx
Linking CXX executable cmTC_a0a1c
/usr/local/bin/cmake -E cmake_link_script CMakeFiles/cmTC_a0a1c.dir/link.txt --verbose=1
/opt/rh/devtoolset-4/root/usr/bin/c++       -rdynamic CMakeFiles/cmTC_a0a1c.dir/feature_tests.cxx.o  -o cmTC_a0a1c 
gmake[1]: Leaving directory `/home/chun/logger/build/linux/CMakeFiles/CMakeTmp'


    Feature record: CXX_FEATURE:0cxx_aggregate_default_initializers
    Feature record: CXX_FEATURE:1cxx_alias_templates
    Feature record: CXX_FEATURE:1cxx_alignas
    Feature record: CXX_FEATURE:1cxx_alignof
    Feature record: CXX_FEATURE:1cxx_attributes
    Feature record: CXX_FEATURE:0cxx_attribute_deprecated
    Feature record: CXX_FEATURE:1cxx_auto_type
    Feature record: CXX_FEATURE:0cxx_binary_literals
    Feature record: CXX_FEATURE:1cxx_constexpr
    Feature record: CXX_FEATURE:0cxx_contextual_conversions
    Feature record: CXX_FEATURE:1cxx_decltype
    Feature record: CXX_FEATURE:0cxx_decltype_auto
    Feature record: CXX_FEATURE:1cxx_decltype_incomplete_return_types
    Feature record: CXX_FEATURE:1cxx_default_function_template_args
    Feature record: CXX_FEATURE:1cxx_defaulted_functions
    Feature record: CXX_FEATURE:1cxx_defaulted_move_initializers
    Feature record: CXX_FEATURE:1cxx_delegating_constructors
    Feature record: CXX_FEATURE:1cxx_deleted_functions
    Feature record: CXX_FEATURE:0cxx_digit_separators
    Feature record: CXX_FEATURE:1cxx_enum_forward_declarations
    Feature record: CXX_FEATURE:1cxx_explicit_conversions
    Feature record: CXX_FEATURE:1cxx_extended_friend_declarations
    Feature record: CXX_FEATURE:1cxx_extern_templates
    Feature record: CXX_FEATURE:1cxx_final
    Feature record: CXX_FEATURE:1cxx_func_identifier
    Feature record: CXX_FEATURE:1cxx_generalized_initializers
    Feature record: CXX_FEATURE:0cxx_generic_lambdas
    Feature record: CXX_FEATURE:1cxx_inheriting_constructors
    Feature record: CXX_FEATURE:1cxx_inline_namespaces
    Feature record: CXX_FEATURE:1cxx_lambdas
    Feature record: CXX_FEATURE:0cxx_lambda_init_captures
    Feature record: CXX_FEATURE:1cxx_local_type_template_args
    Feature record: CXX_FEATURE:1cxx_long_long_type
    Feature record: CXX_FEATURE:1cxx_noexcept
    Feature record: CXX_FEATURE:1cxx_nonstatic_member_init
    Feature record: CXX_FEATURE:1cxx_nullptr
    Feature record: CXX_FEATURE:1cxx_override
    Feature record: CXX_FEATURE:1cxx_range_for
    Feature record: CXX_FEATURE:1cxx_raw_string_literals
    Feature record: CXX_FEATURE:1cxx_reference_qualified_functions
    Feature record: CXX_FEATURE:0cxx_relaxed_constexpr
    Feature record: CXX_FEATURE:0cxx_return_type_deduction
    Feature record: CXX_FEATURE:1cxx_right_angle_brackets
    Feature record: CXX_FEATURE:1cxx_rvalue_references
    Feature record: CXX_FEATURE:1cxx_sizeof_member
    Feature record: CXX_FEATURE:1cxx_static_assert
    Feature record: CXX_FEATURE:1cxx_strong_enums
    Feature record: CXX_FEATURE:1cxx_template_template_parameters
    Feature record: CXX_FEATURE:1cxx_thread_local
    Feature record: CXX_FEATURE:1cxx_trailing_return_types
    Feature record: CXX_FEATURE:1cxx_unicode_literals
    Feature record: CXX_FEATURE:1cxx_uniform_initialization
    Feature record: CXX_FEATURE:1cxx_unrestricted_unions
    Feature record: CXX_FEATURE:1cxx_user_literals
    Feature record: CXX_FEATURE:0cxx_variable_templates
    Feature record: CXX_FEATURE:1cxx_variadic_macros
    Feature record: CXX_FEATURE:1cxx_variadic_templates


Detecting CXX [-std=c++98] compiler features compiled with the following output:
Change Dir: /home/chun/logger/build/linux/CMakeFiles/CMakeTmp

Run Build Command:"/usr/bin/gmake" "cmTC_c34d1/fast"
/usr/bin/gmake -f CMakeFiles/cmTC_c34d1.dir/build.make CMakeFiles/cmTC_c34d1.dir/build
gmake[1]: Entering directory `/home/chun/logger/build/linux/CMakeFiles/CMakeTmp'
Building CXX object CMakeFiles/cmTC_c34d1.dir/feature_tests.cxx.o
/opt/rh/devtoolset-4/root/usr/bin/c++    -std=c++98 -o CMakeFiles/cmTC_c34d1.dir/feature_tests.cxx.o -c /home/chun/logger/build/linux/CMakeFiles/feature_tests.cxx
Linking CXX executable cmTC_c34d1
/usr/local/bin/cmake -E cmake_link_script CMakeFiles/cmTC_c34d1.dir/link.txt --verbose=1
/opt/rh/devtoolset-4/root/usr/bin/c++       -rdynamic CMakeFiles/cmTC_c34d1.dir/feature_tests.cxx.o  -o cmTC_c34d1 
gmake[1]: Leaving directory `/home/chun/logger/build/linux/CMakeFiles/CMakeTmp'


    Feature record: CXX_FEATURE:0cxx_aggregate_default_initializers
    Feature record: CXX_FEATURE:0cxx_alias_templates
    Feature record: CXX_FEATURE:0cxx_alignas
    Feature record: CXX_FEATURE:0cxx_alignof
    Feature record: CXX_FEATURE:0cxx_attributes
    Feature record: CXX_FEATURE:0cxx_attribute_deprecated
    Feature record: CXX_FEATURE:0cxx_auto_type
    Feature record: CXX_FEATURE:0cxx_binary_literals
    Feature record: CXX_FEATURE:0cxx_constexpr
    Feature record: CXX_FEATURE:0cxx_contextual_conversions
    Feature record: CXX_FEATURE:0cxx_decltype
    Feature record: CXX_FEATURE:0cxx_decltype_auto
    Feature record: CXX_FEATURE:0cxx_decltype_incomplete_return_types
    Feature record: CXX_FEATURE:0cxx_default_function_template_args
    Feature record: CXX_FEATURE:0cxx_defaulted_functions
    Feature record: CXX_FEATURE:0cxx_defaulted_move_initializers
    Feature record: CXX_FEATURE:0cxx_delegating_constructors
    Feature record: CXX_FEATURE:0cxx_deleted_functions
    Feature record: CXX_FEATURE:0cxx_digit_separators
    Feature record: CXX_FEATURE:0cxx_enum_forward_declarations
    Feature record: CXX_FEATURE:0cxx_explicit_conversions
    Feature record: CXX_FEATURE:0cxx_extended_friend_declarations
    Feature record: CXX_FEATURE:0cxx_extern_templates
    Feature record: CXX_FEATURE:0cxx_final
    Feature record: CXX_FEATURE:0cxx_func_identifier
    Feature record: CXX_FEATURE:0cxx_generalized_initializers
    Feature record: CXX_FEATURE:0cxx_generic_lambdas
    Feature record: CXX_FEATURE:0cxx_inheriting_constructors
    Feature record: CXX_FEATURE:0cxx_inline_namespaces
    Feature record: CXX_FEATURE:0cxx_lambdas
    Feature record: CXX_FEATURE:0cxx_lambda_init_captures
    Feature record: CXX_FEATURE:0cxx_local_type_template_args
    Feature record: CXX_FEATURE:0cxx_long_long_type
    Feature record: CXX_FEATURE:0cxx_noexcept
    Feature record: CXX_FEATURE:0cxx_nonstatic_member_init
    Feature record: CXX_FEATURE:0cxx_nullptr
    Feature record: CXX_FEATURE:0cxx_override
    Feature record: CXX_FEATURE:0cxx_range_for
    Feature record: CXX_FEATURE:0cxx_raw_string_literals
    Feature record: CXX_FEATURE:0cxx_reference_qualified_functions
    Feature record: CXX_FEATURE:0cxx_relaxed_constexpr
    Feature record: CXX_FEATURE:0cxx_return_type_deduction
    Feature record: CXX_FEATURE:0cxx_right_angle_brackets
    Feature record: CXX_FEATURE:0cxx_rvalue_references
    Feature record: CXX_FEATURE:0cxx_sizeof_member
    Feature record: CXX_FEATURE:0cxx_static_assert
    Feature record: CXX_FEATURE:0cxx_strong_enums
    Feature record: CXX_FEATURE:1cxx_template_template_parameters
    Feature record: CXX_FEATURE:0cxx_thread_local
    Feature record: CXX_FEATURE:0cxx_trailing_return_types
    Feature record: CXX_FEATURE:0cxx_unicode_literals
    Feature record: CXX_FEATURE:0cxx_uniform_initialization
    Feature record: CXX_FEATURE:0cxx_unrestricted_unions
    Feature record: CXX_FEATURE:0cxx_user_literals
    Feature record: CXX_FEATURE:0cxx_variable_templates
    Feature record: CXX_FEATURE:0cxx_variadic_macros
    Feature record: CXX_FEATURE:0cxx_variadic_templates
